<?xml version="1.0" encoding="UTF-8"?>
<!-- Generated by org.testng.reporters.JUnitXMLReporter -->
<testsuite ignored="0" hostname="MacBook-Air-3.local" failures="0" tests="5" name="NegativeTests" time="0.147" errors="0" timestamp="2026-03-10T15:54:37 NOVT">
  <testcase classname="negative.CreateIssueWithoutAuthTest" name="createIssueWithoutAuth" time="0.083"/>
  <testcase classname="negative.CreateIssueInNonExistentProjectTest" name="createIssueInNonExistentProject" time="0.084"/>
  <testcase classname="negative.CreateIssueWithInvalidTokenTest" name="createIssueWithInvalidToken" time="0.092"/>
  <testcase classname="negative.GetIssueNegativeTest" name="getNonExistingIssue" time="0.084"/>
  <testcase classname="negative.CreateIssueNegativeTest" name="createIssueWithoutSummary" time="0.143"/>
</testsuite> <!-- NegativeTests -->
