<?xml version="1.0" encoding="UTF-8"?>
<!-- Generated by org.testng.reporters.JUnitXMLReporter -->
<testsuite ignored="0" hostname="MacBook-Air-3.local" failures="2" tests="8" name="PositiveTests" time="2.475" errors="0" timestamp="2026-03-10T15:54:37 NOVT">
  <testcase classname="positive.GetExistingIssueTest" name="getNonExistingIssue" time="1.108"/>
  <testcase classname="positive.AddCommentToIssue" name="addCommentToIssue" time="1.125">
    <failure type="java.lang.AssertionError" message="expected [201] but found [404]">
      <![CDATA[java.lang.AssertionError: expected [201] but found [404]
at positive.AddCommentToIssue.addCommentToIssue(AddCommentToIssue.java:23)
at java.base/java.util.concurrent.ThreadPoolExecutor.runWorker(ThreadPoolExecutor.java:1144)
at java.base/java.util.concurrent.ThreadPoolExecutor$Worker.run(ThreadPoolExecutor.java:642)
at java.base/java.lang.Thread.run(Thread.java:1583)
... Removed 17 stack frames]]>
    </failure>
  </testcase> <!-- addCommentToIssue -->
  <testcase classname="positive.FilterIssuesTest" name="searchIssuesByText" time="0.26"/>
  <testcase classname="positive.UpdateIssueDescription" name="updateIssueDescription" time="0.241">
    <failure type="java.lang.AssertionError" message="1 expectation failed.
Expected status code &amp;lt;200&amp;gt; but was &amp;lt;404&amp;gt;.
">
      <![CDATA[java.lang.AssertionError: 1 expectation failed.
Expected status code <200> but was <404>.

at org.codehaus.groovy.vmplugin.v8.IndyInterface.fromCache(IndyInterface.java:344)
at io.restassured.internal.ResponseSpecificationImpl$HamcrestAssertionClosure.validate(ResponseSpecificationImpl.groovy:516)
at org.codehaus.groovy.vmplugin.v8.IndyInterface.fromCache(IndyInterface.java:344)
at io.restassured.internal.ResponseSpecificationImpl.validateResponseIfRequired(ResponseSpecificationImpl.groovy:714)
at org.codehaus.groovy.vmplugin.v8.IndyInterface.fromCache(IndyInterface.java:344)
at io.restassured.internal.ResponseSpecificationImpl.statusCode(ResponseSpecificationImpl.groovy:139)
at org.codehaus.groovy.vmplugin.v8.IndyInterface.fromCache(IndyInterface.java:344)
at io.restassured.internal.ResponseSpecificationImpl.statusCode(ResponseSpecificationImpl.groovy:147)
at io.restassured.internal.ValidatableResponseOptionsImpl.statusCode(ValidatableResponseOptionsImpl.java:89)
at positive.UpdateIssueDescription.updateIssueDescription(UpdateIssueDescription.java:22)
at java.base/java.util.concurrent.ThreadPoolExecutor.runWorker(ThreadPoolExecutor.java:1144)
at java.base/java.util.concurrent.ThreadPoolExecutor$Worker.run(ThreadPoolExecutor.java:642)
at java.base/java.lang.Thread.run(Thread.java:1583)
... Removed 10 stack frames]]>
    </failure>
  </testcase> <!-- updateIssueDescription -->
  <testcase classname="positive.CreateIssueTest" name="createIssueSuccessfully" time="1.514"/>
  <testcase classname="positive.FilterIssuesTest" name="getAllIssuesForProject" time="1.556"/>
  <testcase classname="positive.GetExistingIssueTest" name="getIssueByReadableId" time="1.924"/>
  <testcase classname="positive.GetExistingIssueTest" name="getExistingIssue" time="1.93"/>
</testsuite> <!-- PositiveTests -->
