<?xml version="1.0" encoding="UTF-8"?>
<testng-results ignored="0" total="13" passed="11" failed="2" skipped="0">
  <reporter-output>
    <line>
      <![CDATA[Конфигурация загружена из src/test/resources/config.properties]]>
    </line>
    <line>
      <![CDATA[RequestSpecification создана для URL: http://localhost:8080]]>
    </line>
    <line>
      <![CDATA[RequestSpecification создана для URL: http://localhost:8080]]>
    </line>
    <line>
      <![CDATA[RequestSpecification создана для URL: http://localhost:8080]]>
    </line>
    <line>
      <![CDATA[RequestSpecification создана для URL: http://localhost:8080]]>
    </line>
    <line>
      <![CDATA[RequestSpecification создана для URL: http://localhost:8080]]>
    </line>
    <line>
      <![CDATA[RequestSpecification создана для URL: http://localhost:8080]]>
    </line>
    <line>
      <![CDATA[✓ Корректная ошибка 404 при запросе несуществующей задачи]]>
    </line>
    <line>
      <![CDATA[Найдено задач по запросу 'Test': 86]]>
    </line>
    <line>
      <![CDATA[Найдено 86 задач]]>
    </line>
    <line>
      <![CDATA[Создана тестовая задача: null]]>
    </line>
    <line>
      <![CDATA[✓ Успешно получена задача по readable ID: DEMO-161]]>
    </line>
    <line>
      <![CDATA[✓ Успешно получена задача]]>
    </line>
    <line>
      <![CDATA[  ID: 3-161]]>
    </line>
    <line>
      <![CDATA[  Readable ID: DEMO-160]]>
    </line>
    <line>
      <![CDATA[  Summary: Test Issue for Get Test 1773132875525]]>
    </line>
    <line>
      <![CDATA[✓ Негативный тест: создание задачи без авторизации -> 401]]>
    </line>
    <line>
      <![CDATA[✓ Негативный тест: создание задачи в несуществующем проекте -> 400]]>
    </line>
    <line>
      <![CDATA[✓ Негативный тест: создание задачи с неверным токеном -> 401]]>
    </line>
    <line>
      <![CDATA[Attempted to retrieve non-existing issue ID: 0-0]]>
    </line>
    <line>
      <![CDATA[Received status code: 404]]>
    </line>
    <line>
      <![CDATA[Тест: создание задачи без summary завершен]]>
    </line>
  </reporter-output>
  <suite started-at="2026-03-10T15:54:34 NOVT" name="YouTrackTests" finished-at="2026-03-10T15:54:37 NOVT" duration-ms="2682">
    <groups>
    </groups>
    <test started-at="2026-03-10T15:54:34 NOVT" name="PositiveTests" finished-at="2026-03-10T15:54:37 NOVT" duration-ms="2475">
      <class name="positive.AddCommentToIssue">
        <test-method is-config="true" signature="setup()[pri:0, instance:positive.AddCommentToIssue@6f03482]" started-at="2026-03-10T15:54:35 NOVT" name="setup" finished-at="2026-03-10T15:54:35 NOVT" duration-ms="515" status="PASS">
          <reporter-output>
            <line>
              <![CDATA[RequestSpecification создана для URL: http://localhost:8080]]>
            </line>
          </reporter-output>
        </test-method> <!-- setup -->
        <test-method signature="addCommentToIssue()[pri:0, instance:positive.AddCommentToIssue@6f03482]" started-at="2026-03-10T15:54:35 NOVT" name="addCommentToIssue" description="Добавление комментария к задаче" finished-at="2026-03-10T15:54:36 NOVT" duration-ms="1125" status="FAIL">
          <exception class="java.lang.AssertionError">
            <message>
              <![CDATA[expected [201] but found [404]]]>
            </message>
            <full-stacktrace>
              <![CDATA[java.lang.AssertionError: expected [201] but found [404]
at org.testng.Assert.fail(Assert.java:111)
at org.testng.Assert.failNotEquals(Assert.java:1578)
at org.testng.Assert.assertEqualsImpl(Assert.java:150)
at org.testng.Assert.assertEquals(Assert.java:132)
at org.testng.Assert.assertEquals(Assert.java:1419)
at org.testng.Assert.assertEquals(Assert.java:1383)
at org.testng.Assert.assertEquals(Assert.java:1429)
at positive.AddCommentToIssue.addCommentToIssue(AddCommentToIssue.java:23)
at java.base/jdk.internal.reflect.DirectMethodHandleAccessor.invoke(DirectMethodHandleAccessor.java:103)
at java.base/java.lang.reflect.Method.invoke(Method.java:580)
at org.testng.internal.invokers.MethodInvocationHelper.invokeMethod(MethodInvocationHelper.java:139)
at org.testng.internal.invokers.TestInvoker.invokeMethod(TestInvoker.java:664)
at org.testng.internal.invokers.TestInvoker.invokeTestMethod(TestInvoker.java:227)
at org.testng.internal.invokers.MethodRunner.runInSequence(MethodRunner.java:50)
at org.testng.internal.invokers.TestInvoker$MethodInvocationAgent.invoke(TestInvoker.java:957)
at org.testng.internal.invokers.TestInvoker.invokeTestMethods(TestInvoker.java:200)
at org.testng.internal.invokers.TestMethodWorker.invokeTestMethods(TestMethodWorker.java:148)
at org.testng.internal.invokers.TestMethodWorker.run(TestMethodWorker.java:128)
at java.base/java.util.concurrent.ThreadPoolExecutor.runWorker(ThreadPoolExecutor.java:1144)
at java.base/java.util.concurrent.ThreadPoolExecutor$Worker.run(ThreadPoolExecutor.java:642)
at java.base/java.lang.Thread.run(Thread.java:1583)
]]>
            </full-stacktrace>
          </exception> <!-- java.lang.AssertionError -->
          <reporter-output>
          </reporter-output>
        </test-method> <!-- addCommentToIssue -->
      </class> <!-- positive.AddCommentToIssue -->
      <class name="positive.FilterIssuesTest">
        <test-method is-config="true" signature="setup()[pri:0, instance:positive.FilterIssuesTest@6ed3ccb2]" started-at="2026-03-10T15:54:35 NOVT" name="setup" finished-at="2026-03-10T15:54:35 NOVT" duration-ms="515" status="PASS">
          <reporter-output>
            <line>
              <![CDATA[RequestSpecification создана для URL: http://localhost:8080]]>
            </line>
          </reporter-output>
        </test-method> <!-- setup -->
        <test-method signature="getAllIssuesForProject()[pri:0, instance:positive.FilterIssuesTest@6ed3ccb2]" started-at="2026-03-10T15:54:35 NOVT" name="getAllIssuesForProject" description="Получение списка задач проекта" finished-at="2026-03-10T15:54:37 NOVT" duration-ms="1556" status="PASS">
          <reporter-output>
            <line>
              <![CDATA[Найдено 86 задач]]>
            </line>
          </reporter-output>
        </test-method> <!-- getAllIssuesForProject -->
        <test-method signature="searchIssuesByText()[pri:0, instance:positive.FilterIssuesTest@6ed3ccb2]" started-at="2026-03-10T15:54:36 NOVT" name="searchIssuesByText" description="Поиск задач по тексту" finished-at="2026-03-10T15:54:36 NOVT" duration-ms="260" status="PASS">
          <reporter-output>
            <line>
              <![CDATA[Найдено задач по запросу 'Test': 86]]>
            </line>
          </reporter-output>
        </test-method> <!-- searchIssuesByText -->
        <test-method is-config="true" signature="setup()[pri:0, instance:positive.FilterIssuesTest@6ed3ccb2]" started-at="2026-03-10T15:54:36 NOVT" name="setup" finished-at="2026-03-10T15:54:36 NOVT" duration-ms="0" status="PASS">
          <reporter-output>
          </reporter-output>
        </test-method> <!-- setup -->
      </class> <!-- positive.FilterIssuesTest -->
      <class name="positive.UpdateIssueDescription">
        <test-method signature="updateIssueDescription()[pri:0, instance:positive.UpdateIssueDescription@1a677343]" started-at="2026-03-10T15:54:36 NOVT" name="updateIssueDescription" description="Обновление описания существующей задачи" finished-at="2026-03-10T15:54:36 NOVT" duration-ms="241" status="FAIL">
          <exception class="java.lang.AssertionError">
            <message>
              <![CDATA[1 expectation failed.
Expected status code <200> but was <404>.
]]>
            </message>
            <full-stacktrace>
              <![CDATA[java.lang.AssertionError: 1 expectation failed.
Expected status code <200> but was <404>.

at org.codehaus.groovy.vmplugin.v8.IndyInterface.fromCache(IndyInterface.java:344)
at io.restassured.internal.ResponseSpecificationImpl$HamcrestAssertionClosure.validate(ResponseSpecificationImpl.groovy:516)
at org.codehaus.groovy.vmplugin.v8.IndyInterface.fromCache(IndyInterface.java:344)
at io.restassured.internal.ResponseSpecificationImpl.validateResponseIfRequired(ResponseSpecificationImpl.groovy:714)
at org.codehaus.groovy.vmplugin.v8.IndyInterface.fromCache(IndyInterface.java:344)
at io.restassured.internal.ResponseSpecificationImpl.statusCode(ResponseSpecificationImpl.groovy:139)
at org.codehaus.groovy.vmplugin.v8.IndyInterface.fromCache(IndyInterface.java:344)
at io.restassured.internal.ResponseSpecificationImpl.statusCode(ResponseSpecificationImpl.groovy:147)
at io.restassured.internal.ValidatableResponseOptionsImpl.statusCode(ValidatableResponseOptionsImpl.java:89)
at positive.UpdateIssueDescription.updateIssueDescription(UpdateIssueDescription.java:22)
at java.base/jdk.internal.reflect.DirectMethodHandleAccessor.invoke(DirectMethodHandleAccessor.java:103)
at java.base/java.lang.reflect.Method.invoke(Method.java:580)
at org.testng.internal.invokers.MethodInvocationHelper.invokeMethod(MethodInvocationHelper.java:139)
at org.testng.internal.invokers.TestInvoker.invokeMethod(TestInvoker.java:664)
at org.testng.internal.invokers.TestInvoker.invokeTestMethod(TestInvoker.java:227)
at org.testng.internal.invokers.MethodRunner.runInSequence(MethodRunner.java:50)
at org.testng.internal.invokers.TestInvoker$MethodInvocationAgent.invoke(TestInvoker.java:957)
at org.testng.internal.invokers.TestInvoker.invokeTestMethods(TestInvoker.java:200)
at org.testng.internal.invokers.TestMethodWorker.invokeTestMethods(TestMethodWorker.java:148)
at org.testng.internal.invokers.TestMethodWorker.run(TestMethodWorker.java:128)
at java.base/java.util.concurrent.ThreadPoolExecutor.runWorker(ThreadPoolExecutor.java:1144)
at java.base/java.util.concurrent.ThreadPoolExecutor$Worker.run(ThreadPoolExecutor.java:642)
at java.base/java.lang.Thread.run(Thread.java:1583)
]]>
            </full-stacktrace>
          </exception> <!-- java.lang.AssertionError -->
          <reporter-output>
          </reporter-output>
        </test-method> <!-- updateIssueDescription -->
        <test-method is-config="true" signature="setup()[pri:0, instance:positive.UpdateIssueDescription@1a677343]" started-at="2026-03-10T15:54:36 NOVT" name="setup" finished-at="2026-03-10T15:54:36 NOVT" duration-ms="0" status="PASS">
          <reporter-output>
          </reporter-output>
        </test-method> <!-- setup -->
      </class> <!-- positive.UpdateIssueDescription -->
      <class name="positive.GetExistingIssueTest">
        <test-method is-config="true" signature="setup()[pri:0, instance:positive.GetExistingIssueTest@51399530]" started-at="2026-03-10T15:54:35 NOVT" name="setup" finished-at="2026-03-10T15:54:35 NOVT" duration-ms="515" status="PASS">
          <reporter-output>
            <line>
              <![CDATA[RequestSpecification создана для URL: http://localhost:8080]]>
            </line>
          </reporter-output>
        </test-method> <!-- setup -->
        <test-method is-config="true" signature="setup()[pri:0, instance:positive.GetExistingIssueTest@51399530]" started-at="2026-03-10T15:54:35 NOVT" name="setup" finished-at="2026-03-10T15:54:35 NOVT" duration-ms="515" status="PASS">
          <reporter-output>
            <line>
              <![CDATA[Конфигурация загружена из src/test/resources/config.properties]]>
            </line>
            <line>
              <![CDATA[RequestSpecification создана для URL: http://localhost:8080]]>
            </line>
          </reporter-output>
        </test-method> <!-- setup -->
        <test-method is-config="true" signature="setup()[pri:0, instance:positive.GetExistingIssueTest@51399530]" started-at="2026-03-10T15:54:35 NOVT" name="setup" finished-at="2026-03-10T15:54:35 NOVT" duration-ms="515" status="PASS">
          <reporter-output>
            <line>
              <![CDATA[RequestSpecification создана для URL: http://localhost:8080]]>
            </line>
          </reporter-output>
        </test-method> <!-- setup -->
        <test-method signature="getNonExistingIssue()[pri:0, instance:positive.GetExistingIssueTest@51399530]" started-at="2026-03-10T15:54:35 NOVT" name="getNonExistingIssue" description="Получение несуществующей задачи (негативный)" finished-at="2026-03-10T15:54:36 NOVT" duration-ms="1108" status="PASS">
          <reporter-output>
            <line>
              <![CDATA[✓ Корректная ошибка 404 при запросе несуществующей задачи]]>
            </line>
          </reporter-output>
        </test-method> <!-- getNonExistingIssue -->
        <test-method signature="getExistingIssue()[pri:0, instance:positive.GetExistingIssueTest@51399530]" started-at="2026-03-10T15:54:35 NOVT" name="getExistingIssue" description="Получение существующей задачи по ID" finished-at="2026-03-10T15:54:37 NOVT" duration-ms="1930" status="PASS">
          <reporter-output>
            <line>
              <![CDATA[Создана тестовая задача: null]]>
            </line>
            <line>
              <![CDATA[✓ Успешно получена задача]]>
            </line>
            <line>
              <![CDATA[  ID: 3-161]]>
            </line>
            <line>
              <![CDATA[  Readable ID: DEMO-160]]>
            </line>
            <line>
              <![CDATA[  Summary: Test Issue for Get Test 1773132875525]]>
            </line>
          </reporter-output>
        </test-method> <!-- getExistingIssue -->
        <test-method signature="getIssueByReadableId()[pri:0, instance:positive.GetExistingIssueTest@51399530]" started-at="2026-03-10T15:54:35 NOVT" name="getIssueByReadableId" description="Получение задачи по readable ID" finished-at="2026-03-10T15:54:37 NOVT" duration-ms="1924" status="PASS">
          <reporter-output>
            <line>
              <![CDATA[✓ Успешно получена задача по readable ID: DEMO-161]]>
            </line>
          </reporter-output>
        </test-method> <!-- getIssueByReadableId -->
      </class> <!-- positive.GetExistingIssueTest -->
      <class name="positive.CreateIssueTest">
        <test-method is-config="true" signature="setup()[pri:0, instance:positive.CreateIssueTest@74e52ef6]" started-at="2026-03-10T15:54:35 NOVT" name="setup" finished-at="2026-03-10T15:54:35 NOVT" duration-ms="515" status="PASS">
          <reporter-output>
            <line>
              <![CDATA[RequestSpecification создана для URL: http://localhost:8080]]>
            </line>
          </reporter-output>
        </test-method> <!-- setup -->
        <test-method signature="createIssueSuccessfully()[pri:0, instance:positive.CreateIssueTest@74e52ef6]" started-at="2026-03-10T15:54:35 NOVT" name="createIssueSuccessfully" finished-at="2026-03-10T15:54:37 NOVT" duration-ms="1514" status="PASS">
          <reporter-output>
          </reporter-output>
        </test-method> <!-- createIssueSuccessfully -->
      </class> <!-- positive.CreateIssueTest -->
    </test> <!-- PositiveTests -->
    <test started-at="2026-03-10T15:54:37 NOVT" name="NegativeTests" finished-at="2026-03-10T15:54:37 NOVT" duration-ms="147">
      <class name="negative.CreateIssueInNonExistentProjectTest">
        <test-method is-config="true" signature="setup()[pri:0, instance:negative.CreateIssueInNonExistentProjectTest@131ef10]" started-at="2026-03-10T15:54:37 NOVT" name="setup" finished-at="2026-03-10T15:54:37 NOVT" duration-ms="1" status="PASS">
          <reporter-output>
          </reporter-output>
        </test-method> <!-- setup -->
        <test-method signature="createIssueInNonExistentProject()[pri:0, instance:negative.CreateIssueInNonExistentProjectTest@131ef10]" started-at="2026-03-10T15:54:37 NOVT" name="createIssueInNonExistentProject" description="Негативный тест: создание задачи в несуществующем проекте" finished-at="2026-03-10T15:54:37 NOVT" duration-ms="84" status="PASS">
          <reporter-output>
            <line>
              <![CDATA[✓ Негативный тест: создание задачи в несуществующем проекте -> 400]]>
            </line>
          </reporter-output>
        </test-method> <!-- createIssueInNonExistentProject -->
      </class> <!-- negative.CreateIssueInNonExistentProjectTest -->
      <class name="negative.CreateIssueWithInvalidTokenTest">
        <test-method signature="createIssueWithInvalidToken()[pri:0, instance:negative.CreateIssueWithInvalidTokenTest@2df3b89c]" started-at="2026-03-10T15:54:37 NOVT" name="createIssueWithInvalidToken" description="Негативный тест: создание задачи с неверным токеном" finished-at="2026-03-10T15:54:37 NOVT" duration-ms="92" status="PASS">
          <reporter-output>
            <line>
              <![CDATA[✓ Негативный тест: создание задачи с неверным токеном -> 401]]>
            </line>
          </reporter-output>
        </test-method> <!-- createIssueWithInvalidToken -->
        <test-method is-config="true" signature="setup()[pri:0, instance:negative.CreateIssueWithInvalidTokenTest@2df3b89c]" started-at="2026-03-10T15:54:37 NOVT" name="setup" finished-at="2026-03-10T15:54:37 NOVT" duration-ms="0" status="PASS">
          <reporter-output>
          </reporter-output>
        </test-method> <!-- setup -->
      </class> <!-- negative.CreateIssueWithInvalidTokenTest -->
      <class name="negative.CreateIssueWithoutAuthTest">
        <test-method signature="createIssueWithoutAuth()[pri:0, instance:negative.CreateIssueWithoutAuthTest@55b0dcab]" started-at="2026-03-10T15:54:37 NOVT" name="createIssueWithoutAuth" description="Негативный тест: создание задачи без авторизации" finished-at="2026-03-10T15:54:37 NOVT" duration-ms="83" status="PASS">
          <reporter-output>
            <line>
              <![CDATA[✓ Негативный тест: создание задачи без авторизации -> 401]]>
            </line>
          </reporter-output>
        </test-method> <!-- createIssueWithoutAuth -->
        <test-method is-config="true" signature="setup()[pri:0, instance:negative.CreateIssueWithoutAuthTest@55b0dcab]" started-at="2026-03-10T15:54:37 NOVT" name="setup" finished-at="2026-03-10T15:54:37 NOVT" duration-ms="0" status="PASS">
          <reporter-output>
          </reporter-output>
        </test-method> <!-- setup -->
      </class> <!-- negative.CreateIssueWithoutAuthTest -->
      <class name="negative.GetIssueNegativeTest">
        <test-method signature="getNonExistingIssue()[pri:0, instance:negative.GetIssueNegativeTest@23348b5d]" started-at="2026-03-10T15:54:37 NOVT" name="getNonExistingIssue" description="Негативный тест: получение несуществующей задачи" finished-at="2026-03-10T15:54:37 NOVT" duration-ms="84" status="PASS">
          <reporter-output>
            <line>
              <![CDATA[Attempted to retrieve non-existing issue ID: 0-0]]>
            </line>
            <line>
              <![CDATA[Received status code: 404]]>
            </line>
          </reporter-output>
        </test-method> <!-- getNonExistingIssue -->
        <test-method is-config="true" signature="setup()[pri:0, instance:negative.GetIssueNegativeTest@23348b5d]" started-at="2026-03-10T15:54:37 NOVT" name="setup" finished-at="2026-03-10T15:54:37 NOVT" duration-ms="0" status="PASS">
          <reporter-output>
          </reporter-output>
        </test-method> <!-- setup -->
      </class> <!-- negative.GetIssueNegativeTest -->
      <class name="negative.CreateIssueNegativeTest">
        <test-method is-config="true" signature="setup()[pri:0, instance:negative.CreateIssueNegativeTest@38afe297]" started-at="2026-03-10T15:54:37 NOVT" name="setup" finished-at="2026-03-10T15:54:37 NOVT" duration-ms="1" status="PASS">
          <reporter-output>
          </reporter-output>
        </test-method> <!-- setup -->
        <test-method signature="createIssueWithoutSummary()[pri:0, instance:negative.CreateIssueNegativeTest@38afe297]" started-at="2026-03-10T15:54:37 NOVT" name="createIssueWithoutSummary" description="Попытка создать задачу без summary" finished-at="2026-03-10T15:54:37 NOVT" duration-ms="143" status="PASS">
          <reporter-output>
            <line>
              <![CDATA[Тест: создание задачи без summary завершен]]>
            </line>
          </reporter-output>
        </test-method> <!-- createIssueWithoutSummary -->
      </class> <!-- negative.CreateIssueNegativeTest -->
    </test> <!-- NegativeTests -->
  </suite> <!-- YouTrackTests -->
</testng-results>
