<?xml version="1.0" encoding="UTF-8"?>
<testsuite xmlns:xsi="http://www.w3.org/2001/XMLSchema-instance" xsi:noNamespaceSchemaLocation="https://maven.apache.org/surefire/maven-surefire-plugin/xsd/surefire-test-report-3.0.xsd" version="3.0" name="TestSuite" time="3.278" tests="13" errors="0" skipped="0" failures="2">
  <properties>
[...]
</properties>
  <testcase name="getNonExistingIssue" classname="positive.GetExistingIssueTest" time="1.118">
    <system-out><![CDATA[15:54:34.677 [main] DEBUG org.testng.TestNG -- suiteXmlPath: "/Users/macbook/sc21/myProject/Test_YouTrack_API/testng.xml"
Конфигурация загружена из src/test/resources/config.properties
RequestSpecification создана для URL: http://localhost:8080
RequestSpecification создана для URL: http://localhost:8080
RequestSpecification создана для URL: http://localhost:8080
RequestSpecification создана для URL: http://localhost:8080
RequestSpecification создана для URL: http://localhost:8080
RequestSpecification создана для URL: http://localhost:8080
Request method:	POST
Request URI:	http://localhost:8080/api/issues
Proxy:			<none>
Request params:	<none>
Query params:	<none>
Form params:	<none>
Path params:	<none>
Headers:		Authorization=Bearer perm-YWRtaW4=.NDEtMQ==.oO9OED1ZqzjlMOne2ZhNCRFbhTBDNv
				Accept=*/*
				Content-Type=application/json
Cookies:		<none>
Multiparts:		<none>
Body:
{
    "summary": "Test summary2",
    "description": "Test description",
    "project": {
        "id": "0-0"
    }
}
HTTP/1.1 404 Not Found
Date: Tue, 10 Mar 2026 08:54:36 GMT
Access-Control-Expose-Headers: Location
Access-Control-Expose-Headers: X-Version
X-XSS-Protection: 1; mode=block
Content-Security-Policy: frame-ancestors 'self';
X-Frame-Options: SAMEORIGIN
X-Content-Type-Options: nosniff
Referrer-Policy: same-origin
Server: YouTrack
X-YouTrack-User: admin
X-Version: 8d789e55d59dc49f8fd5d60503fead61072bffbac5a1e59b40d961ccdf0fcd86
Content-Type: application/json;charset=utf-8
Cache-Control: no-cache, no-store, no-transform, must-revalidate
Content-Length: 90

{
    "error": "Not Found",
    "error_description": "Entity with id non-existing-id-12345 not found"
}
✓ Корректная ошибка 404 при запросе несуществующей задачи
]]></system-out>
  </testcase>
  <testcase name="getIssueByReadableId" classname="positive.GetExistingIssueTest" time="0.793">
    <system-out><![CDATA[Создана тестовая задача: null
✓ Успешно получена задача по readable ID: DEMO-161
]]></system-out>
  </testcase>
  <testcase name="getExistingIssue" classname="positive.GetExistingIssueTest" time="0.797">
    <system-out><![CDATA[HTTP/1.1 200 OK
Date: Tue, 10 Mar 2026 08:54:37 GMT
Access-Control-Expose-Headers: Location
Access-Control-Expose-Headers: X-Version
X-XSS-Protection: 1; mode=block
Content-Security-Policy: frame-ancestors 'self';
X-Frame-Options: SAMEORIGIN
X-Content-Type-Options: nosniff
Referrer-Policy: same-origin
Server: YouTrack
X-YouTrack-User: admin
X-Version: 8d789e55d59dc49f8fd5d60503fead61072bffbac5a1e59b40d961ccdf0fcd86
Content-Type: application/json;charset=utf-8
Cache-Control: no-cache, no-store, no-transform, must-revalidate
Vary: Accept-Encoding, User-Agent
Content-Encoding: gzip
Content-Length: 129

{
    "idReadable": "DEMO-160",
    "summary": "Test Issue for Get Test 1773132875525",
    "description": null,
    "id": "3-161",
    "$type": "Issue"
}
✓ Успешно получена задача
  ID: 3-161
  Readable ID: DEMO-160
  Summary: Test Issue for Get Test 1773132875525
]]></system-out>
  </testcase>
  <testcase name="addCommentToIssue" classname="positive.AddCommentToIssue" time="0.009">
    <failure message="expected [201] but found [404]" type="java.lang.AssertionError"><![CDATA[java.lang.AssertionError: expected [201] but found [404]
	at org.testng.Assert.fail(Assert.java:111)
	at org.testng.Assert.failNotEquals(Assert.java:1578)
	at org.testng.Assert.assertEqualsImpl(Assert.java:150)
	at org.testng.Assert.assertEquals(Assert.java:132)
	at org.testng.Assert.assertEquals(Assert.java:1419)
	at org.testng.Assert.assertEquals(Assert.java:1383)
	at org.testng.Assert.assertEquals(Assert.java:1429)
	at positive.AddCommentToIssue.addCommentToIssue(AddCommentToIssue.java:23)
	at java.base/jdk.internal.reflect.DirectMethodHandleAccessor.invoke(DirectMethodHandleAccessor.java:103)
	at java.base/java.lang.reflect.Method.invoke(Method.java:580)
	at org.testng.internal.invokers.MethodInvocationHelper.invokeMethod(MethodInvocationHelper.java:139)
	at org.testng.internal.invokers.TestInvoker.invokeMethod(TestInvoker.java:664)
	at org.testng.internal.invokers.TestInvoker.invokeTestMethod(TestInvoker.java:227)
	at org.testng.internal.invokers.MethodRunner.runInSequence(MethodRunner.java:50)
	at org.testng.internal.invokers.TestInvoker$MethodInvocationAgent.invoke(TestInvoker.java:957)
	at org.testng.internal.invokers.TestInvoker.invokeTestMethods(TestInvoker.java:200)
	at org.testng.internal.invokers.TestMethodWorker.invokeTestMethods(TestMethodWorker.java:148)
	at org.testng.internal.invokers.TestMethodWorker.run(TestMethodWorker.java:128)
	at java.base/java.util.concurrent.ThreadPoolExecutor.runWorker(ThreadPoolExecutor.java:1144)
	at java.base/java.util.concurrent.ThreadPoolExecutor$Worker.run(ThreadPoolExecutor.java:642)
	at java.base/java.lang.Thread.run(Thread.java:1583)
]]></failure>
  </testcase>
  <testcase name="searchIssuesByText" classname="positive.FilterIssuesTest" time="0.243">
    <system-out><![CDATA[Request method:	PATCH
Request URI:	http://localhost:8080/api/api/issues/1-1?fields=id%2Cdescription
Proxy:			<none>
Request params:	<none>
Query params:	<none>
Form params:	<none>
Path params:	<none>
Headers:		Authorization=Bearer perm-YWRtaW4=.NDEtMQ==.oO9OED1ZqzjlMOne2ZhNCRFbhTBDNv
				Accept=*/*
				Content-Type=application/json
Cookies:		<none>
Multiparts:		<none>
Body:
{
    "description": "Updated description"
}

HTTP/1.1 404 Not Found
Date: Tue, 10 Mar 2026 08:54:36 GMT
Access-Control-Expose-Headers: Location
Access-Control-Expose-Headers: X-Version
X-XSS-Protection: 1; mode=block
Content-Security-Policy: frame-ancestors 'self';
X-Frame-Options: SAMEORIGIN
X-Content-Type-Options: nosniff
Referrer-Policy: same-origin
Server: YouTrack
X-YouTrack-User: admin
X-Version: 8d789e55d59dc49f8fd5d60503fead61072bffbac5a1e59b40d961ccdf0fcd86
Content-Type: application/json;charset=utf-8
Cache-Control: no-cache, no-store, no-transform, must-revalidate
Content-Length: 62

{
    "error": "Not Found",
    "error_description": "HTTP 404 Not Found"
}
Найдено задач по запросу 'Test': 86
]]></system-out>
  </testcase>
  <testcase name="getAllIssuesForProject" classname="positive.FilterIssuesTest" time="0.424">
    <system-out><![CDATA[Найдено 86 задач
]]></system-out>
  </testcase>
  <testcase name="updateIssueDescription" classname="positive.UpdateIssueDescription" time="0.246">
    <failure message="1 expectation failed.&#10;Expected status code &lt;200&gt; but was &lt;404&gt;.&#10;" type="java.lang.AssertionError"><![CDATA[java.lang.AssertionError: 
1 expectation failed.
Expected status code <200> but was <404>.

	at org.codehaus.groovy.vmplugin.v8.IndyInterface.fromCache(IndyInterface.java:344)
	at io.restassured.internal.ResponseSpecificationImpl$HamcrestAssertionClosure.validate(ResponseSpecificationImpl.groovy:516)
	at org.codehaus.groovy.vmplugin.v8.IndyInterface.fromCache(IndyInterface.java:344)
	at io.restassured.internal.ResponseSpecificationImpl.validateResponseIfRequired(ResponseSpecificationImpl.groovy:714)
	at org.codehaus.groovy.vmplugin.v8.IndyInterface.fromCache(IndyInterface.java:344)
	at io.restassured.internal.ResponseSpecificationImpl.statusCode(ResponseSpecificationImpl.groovy:139)
	at org.codehaus.groovy.vmplugin.v8.IndyInterface.fromCache(IndyInterface.java:344)
	at io.restassured.internal.ResponseSpecificationImpl.statusCode(ResponseSpecificationImpl.groovy:147)
	at io.restassured.internal.ValidatableResponseOptionsImpl.statusCode(ValidatableResponseOptionsImpl.java:89)
	at positive.UpdateIssueDescription.updateIssueDescription(UpdateIssueDescription.java:22)
	at java.base/jdk.internal.reflect.DirectMethodHandleAccessor.invoke(DirectMethodHandleAccessor.java:103)
	at java.base/java.lang.reflect.Method.invoke(Method.java:580)
	at org.testng.internal.invokers.MethodInvocationHelper.invokeMethod(MethodInvocationHelper.java:139)
	at org.testng.internal.invokers.TestInvoker.invokeMethod(TestInvoker.java:664)
	at org.testng.internal.invokers.TestInvoker.invokeTestMethod(TestInvoker.java:227)
	at org.testng.internal.invokers.MethodRunner.runInSequence(MethodRunner.java:50)
	at org.testng.internal.invokers.TestInvoker$MethodInvocationAgent.invoke(TestInvoker.java:957)
	at org.testng.internal.invokers.TestInvoker.invokeTestMethods(TestInvoker.java:200)
	at org.testng.internal.invokers.TestMethodWorker.invokeTestMethods(TestMethodWorker.java:148)
	at org.testng.internal.invokers.TestMethodWorker.run(TestMethodWorker.java:128)
	at java.base/java.util.concurrent.ThreadPoolExecutor.runWorker(ThreadPoolExecutor.java:1144)
	at java.base/java.util.concurrent.ThreadPoolExecutor$Worker.run(ThreadPoolExecutor.java:642)
	at java.base/java.lang.Thread.run(Thread.java:1583)
]]></failure>
  </testcase>
  <testcase name="createIssueSuccessfully" classname="positive.CreateIssueTest" time="0.387">
    <system-out><![CDATA[HTTP/1.1 200 OK
Date: Tue, 10 Mar 2026 08:54:36 GMT
Access-Control-Expose-Headers: Location
Access-Control-Expose-Headers: X-Version
X-XSS-Protection: 1; mode=block
Content-Security-Policy: frame-ancestors 'self';
X-Frame-Options: SAMEORIGIN
X-Content-Type-Options: nosniff
Referrer-Policy: same-origin
Server: YouTrack
X-YouTrack-User: admin
X-Version: 8d789e55d59dc49f8fd5d60503fead61072bffbac5a1e59b40d961ccdf0fcd86
Content-Type: application/json;charset=utf-8
Cache-Control: no-cache, no-store, no-transform, must-revalidate
Vary: Accept-Encoding, User-Agent
Content-Encoding: gzip
Content-Length: 112

{
    "idReadable": "DEMO-161",
    "summary": "Test Issue with Readable ID 1773132875525",
    "id": "3-163",
    "$type": "Issue"
}
HTTP/1.1 200 OK
Date: Tue, 10 Mar 2026 08:54:36 GMT
Access-Control-Expose-Headers: Location
Access-Control-Expose-Headers: X-Version
X-XSS-Protection: 1; mode=block
Content-Security-Policy: frame-ancestors 'self';
X-Frame-Options: SAMEORIGIN
X-Content-Type-Options: nosniff
Referrer-Policy: same-origin
Server: YouTrack
X-YouTrack-User: admin
X-Version: 8d789e55d59dc49f8fd5d60503fead61072bffbac5a1e59b40d961ccdf0fcd86
Content-Type: application/json;charset=utf-8
Cache-Control: no-cache, no-store, no-transform, must-revalidate
Vary: Accept-Encoding, User-Agent
Content-Length: 30

{
    "id": "3-162",
    "$type": "Issue"
}
]]></system-out>
  </testcase>
  <testcase name="createIssueWithoutAuth" classname="negative.CreateIssueWithoutAuthTest" time="0.082">
    <system-out><![CDATA[✓ Негативный тест: создание задачи без авторизации -> 401
]]></system-out>
  </testcase>
  <testcase name="createIssueInNonExistentProject" classname="negative.CreateIssueInNonExistentProjectTest" time="0.084">
    <system-out><![CDATA[✓ Негативный тест: создание задачи в несуществующем проекте -> 400
]]></system-out>
  </testcase>
  <testcase name="createIssueWithInvalidToken" classname="negative.CreateIssueWithInvalidTokenTest" time="0.086">
    <system-out><![CDATA[✓ Негативный тест: создание задачи с неверным токеном -> 401
]]></system-out>
  </testcase>
  <testcase name="getNonExistingIssue" classname="negative.GetIssueNegativeTest" time="0.086">
    <system-out><![CDATA[Attempted to retrieve non-existing issue ID: 0-0
Received status code: 404
]]></system-out>
  </testcase>
  <testcase name="createIssueWithoutSummary" classname="negative.CreateIssueNegativeTest" time="0.13">
    <system-out><![CDATA[HTTP/1.1 400 Bad Request
Date: Tue, 10 Mar 2026 08:54:37 GMT
Access-Control-Expose-Headers: Location
Access-Control-Expose-Headers: X-Version
X-XSS-Protection: 1; mode=block
Content-Security-Policy: frame-ancestors 'self';
X-Frame-Options: SAMEORIGIN
X-Content-Type-Options: nosniff
Referrer-Policy: same-origin
Server: YouTrack
X-YouTrack-User: admin
X-Version: 8d789e55d59dc49f8fd5d60503fead61072bffbac5a1e59b40d961ccdf0fcd86
Content-Type: application/json;charset=utf-8
Cache-Control: no-cache, no-store, no-transform, must-revalidate
Content-Length: 280

{
    "error": "invalid_properties",
    "error_description": "Property Issue.summary is invalid",
    "error_children": [
        {
            "error": "Issue.summary-is-invalid",
            "error_description": "Property Issue.summary is invalid",
            "error_developer_message": "Value for summary is required",
            "error_field": "summary"
        }
    ]
}
Тест: создание задачи без summary завершен
]]></system-out>
  </testcase>
</testsuite>