<?xml version="1.0" encoding="UTF-8"?>
<!-- Generated by org.testng.reporters.JUnitReportReporter -->
<testsuite hostname="MacBook-Air-3.local" failures="1" tests="1" name="positive.AddCommentToIssue" time="1.640" errors="0" timestamp="2026-03-10T15:54:37 NOVT" skipped="0">
  <testcase classname="positive.AddCommentToIssue" name="addCommentToIssue" time="1.640">
    <failure message="expected [201] but found [404]" type="java.lang.AssertionError">
      <![CDATA[java.lang.AssertionError: expected [201] but found [404]
at org.testng.Assert.fail(Assert.java:111)
at org.testng.Assert.failNotEquals(Assert.java:1578)
at org.testng.Assert.assertEqualsImpl(Assert.java:150)
at org.testng.Assert.assertEquals(Assert.java:132)
at org.testng.Assert.assertEquals(Assert.java:1419)
at org.testng.Assert.assertEquals(Assert.java:1383)
at org.testng.Assert.assertEquals(Assert.java:1429)
at positive.AddCommentToIssue.addCommentToIssue(AddCommentToIssue.java:23)
at java.base/jdk.internal.reflect.DirectMethodHandleAccessor.invoke(DirectMethodHandleAccessor.java:103)
at java.base/java.lang.reflect.Method.invoke(Method.java:580)
at org.testng.internal.invokers.MethodInvocationHelper.invokeMethod(MethodInvocationHelper.java:139)
at org.testng.internal.invokers.TestInvoker.invokeMethod(TestInvoker.java:664)
at org.testng.internal.invokers.TestInvoker.invokeTestMethod(TestInvoker.java:227)
at org.testng.internal.invokers.MethodRunner.runInSequence(MethodRunner.java:50)
at org.testng.internal.invokers.TestInvoker$MethodInvocationAgent.invoke(TestInvoker.java:957)
at org.testng.internal.invokers.TestInvoker.invokeTestMethods(TestInvoker.java:200)
at org.testng.internal.invokers.TestMethodWorker.invokeTestMethods(TestMethodWorker.java:148)
at org.testng.internal.invokers.TestMethodWorker.run(TestMethodWorker.java:128)
at java.base/java.util.concurrent.ThreadPoolExecutor.runWorker(ThreadPoolExecutor.java:1144)
at java.base/java.util.concurrent.ThreadPoolExecutor$Worker.run(ThreadPoolExecutor.java:642)
at java.base/java.lang.Thread.run(Thread.java:1583)
]]>
    </failure>
  </testcase> <!-- addCommentToIssue -->
  <system-out>
    <![CDATA[Конфигурация загружена из src/test/resources/config.properties
RequestSpecification создана для URL: http://localhost:8080
RequestSpecification создана для URL: http://localhost:8080
RequestSpecification создана для URL: http://localhost:8080
RequestSpecification создана для URL: http://localhost:8080
RequestSpecification создана для URL: http://localhost:8080
RequestSpecification создана для URL: http://localhost:8080
✓ Корректная ошибка 404 при запросе несуществующей задачи
Найдено задач по запросу 'Test': 86
Найдено 86 задач
Создана тестовая задача: null
✓ Успешно получена задача по readable ID: DEMO-161
✓ Успешно получена задача
  ID: 3-161
  Readable ID: DEMO-160
  Summary: Test Issue for Get Test 1773132875525
✓ Негативный тест: создание задачи без авторизации -> 401
✓ Негативный тест: создание задачи в несуществующем проекте -> 400
✓ Негативный тест: создание задачи с неверным токеном -> 401
Attempted to retrieve non-existing issue ID: 0-0
Received status code: 404
Тест: создание задачи без summary завершен]]>
  </system-out>
</testsuite> <!-- positive.AddCommentToIssue -->
