<?xml version="1.0" encoding="UTF-8"?>
<!-- Generated by org.testng.reporters.JUnitReportReporter -->
<testsuite hostname="MacBook-Air-3.local" failures="0" tests="3" name="positive.GetExistingIssueTest" time="6.507" errors="0" timestamp="2026-03-10T15:54:37 NOVT" skipped="0">
  <testcase classname="positive.GetExistingIssueTest" name="getNonExistingIssue" time="1.623">
    <system-out>
      <![CDATA[✓ Корректная ошибка 404 при запросе несуществующей задачи]]>
    </system-out>
  </testcase> <!-- getNonExistingIssue -->
  <testcase classname="positive.GetExistingIssueTest" name="getExistingIssue" time="2.445">
    <system-out>
      <![CDATA[Создана тестовая задача: null
✓ Успешно получена задача
  ID: 3-161
  Readable ID: DEMO-160
  Summary: Test Issue for Get Test 1773132875525]]>
    </system-out>
  </testcase> <!-- getExistingIssue -->
  <testcase classname="positive.GetExistingIssueTest" name="getIssueByReadableId" time="2.439">
    <system-out>
      <![CDATA[✓ Успешно получена задача по readable ID: DEMO-161]]>
    </system-out>
  </testcase> <!-- getIssueByReadableId -->
  <system-out>
    <![CDATA[Конфигурация загружена из src/test/resources/config.properties
RequestSpecification создана для URL: http://localhost:8080
RequestSpecification создана для URL: http://localhost:8080
RequestSpecification создана для URL: http://localhost:8080
RequestSpecification создана для URL: http://localhost:8080
RequestSpecification создана для URL: http://localhost:8080
RequestSpecification создана для URL: http://localhost:8080
✓ Корректная ошибка 404 при запросе несуществующей задачи
Найдено задач по запросу 'Test': 86
Найдено 86 задач
Создана тестовая задача: null
✓ Успешно получена задача по readable ID: DEMO-161
✓ Успешно получена задача
  ID: 3-161
  Readable ID: DEMO-160
  Summary: Test Issue for Get Test 1773132875525
✓ Негативный тест: создание задачи без авторизации -> 401
✓ Негативный тест: создание задачи в несуществующем проекте -> 400
✓ Негативный тест: создание задачи с неверным токеном -> 401
Attempted to retrieve non-existing issue ID: 0-0
Received status code: 404
Тест: создание задачи без summary завершен]]>
  </system-out>
</testsuite> <!-- positive.GetExistingIssueTest -->
