<?xml version="1.0" encoding="UTF-8"?>
<!-- Generated by org.testng.reporters.JUnitReportReporter -->
<testsuite hostname="MacBook-Air-3.local" failures="1" tests="1" name="positive.UpdateIssueDescription" time="0.241" errors="0" timestamp="2026-03-10T15:54:37 NOVT" skipped="0">
  <testcase classname="positive.UpdateIssueDescription" name="updateIssueDescription" time="0.241">
    <failure message="1 expectation failed.
Expected status code &lt;200&gt; but was &lt;404&gt;.
" type="java.lang.AssertionError">
      <![CDATA[java.lang.AssertionError: 1 expectation failed.
Expected status code <200> but was <404>.

at org.codehaus.groovy.vmplugin.v8.IndyInterface.fromCache(IndyInterface.java:344)
at io.restassured.internal.ResponseSpecificationImpl$HamcrestAssertionClosure.validate(ResponseSpecificationImpl.groovy:516)
at org.codehaus.groovy.vmplugin.v8.IndyInterface.fromCache(IndyInterface.java:344)
at io.restassured.internal.ResponseSpecificationImpl.validateResponseIfRequired(ResponseSpecificationImpl.groovy:714)
at org.codehaus.groovy.vmplugin.v8.IndyInterface.fromCache(IndyInterface.java:344)
at io.restassured.internal.ResponseSpecificationImpl.statusCode(ResponseSpecificationImpl.groovy:139)
at org.codehaus.groovy.vmplugin.v8.IndyInterface.fromCache(IndyInterface.java:344)
at io.restassured.internal.ResponseSpecificationImpl.statusCode(ResponseSpecificationImpl.groovy:147)
at io.restassured.internal.ValidatableResponseOptionsImpl.statusCode(ValidatableResponseOptionsImpl.java:89)
at positive.UpdateIssueDescription.updateIssueDescription(UpdateIssueDescription.java:22)
at java.base/jdk.internal.reflect.DirectMethodHandleAccessor.invoke(DirectMethodHandleAccessor.java:103)
at java.base/java.lang.reflect.Method.invoke(Method.java:580)
at org.testng.internal.invokers.MethodInvocationHelper.invokeMethod(MethodInvocationHelper.java:139)
at org.testng.internal.invokers.TestInvoker.invokeMethod(TestInvoker.java:664)
at org.testng.internal.invokers.TestInvoker.invokeTestMethod(TestInvoker.java:227)
at org.testng.internal.invokers.MethodRunner.runInSequence(MethodRunner.java:50)
at org.testng.internal.invokers.TestInvoker$MethodInvocationAgent.invoke(TestInvoker.java:957)
at org.testng.internal.invokers.TestInvoker.invokeTestMethods(TestInvoker.java:200)
at org.testng.internal.invokers.TestMethodWorker.invokeTestMethods(TestMethodWorker.java:148)
at org.testng.internal.invokers.TestMethodWorker.run(TestMethodWorker.java:128)
at java.base/java.util.concurrent.ThreadPoolExecutor.runWorker(ThreadPoolExecutor.java:1144)
at java.base/java.util.concurrent.ThreadPoolExecutor$Worker.run(ThreadPoolExecutor.java:642)
at java.base/java.lang.Thread.run(Thread.java:1583)
]]>
    </failure>
  </testcase> <!-- updateIssueDescription -->
  <system-out>
    <![CDATA[Конфигурация загружена из src/test/resources/config.properties
RequestSpecification создана для URL: http://localhost:8080
RequestSpecification создана для URL: http://localhost:8080
RequestSpecification создана для URL: http://localhost:8080
RequestSpecification создана для URL: http://localhost:8080
RequestSpecification создана для URL: http://localhost:8080
RequestSpecification создана для URL: http://localhost:8080
✓ Корректная ошибка 404 при запросе несуществующей задачи
Найдено задач по запросу 'Test': 86
Найдено 86 задач
Создана тестовая задача: null
✓ Успешно получена задача по readable ID: DEMO-161
✓ Успешно получена задача
  ID: 3-161
  Readable ID: DEMO-160
  Summary: Test Issue for Get Test 1773132875525
✓ Негативный тест: создание задачи без авторизации -> 401
✓ Негативный тест: создание задачи в несуществующем проекте -> 400
✓ Негативный тест: создание задачи с неверным токеном -> 401
Attempted to retrieve non-existing issue ID: 0-0
Received status code: 404
Тест: создание задачи без summary завершен]]>
  </system-out>
</testsuite> <!-- positive.UpdateIssueDescription -->
